This file contains any messages produced by compilers while
running configure, to aid debugging if configure makes a mistake.

It was created by deborphan configure 1.7.30, which was
generated by GNU Autoconf 2.69.  Invocation command line was

  $ ./configure --build=x86_64-linux-gnu --prefix=/usr --includedir=${prefix}/include --mandir=${prefix}/share/man --infodir=${prefix}/share/info --sysconfdir=/etc --localstatedir=/var --disable-silent-rules --libdir=${prefix}/lib/x86_64-linux-gnu --libexecdir=${prefix}/lib/x86_64-linux-gnu --runstatedir=/run --disable-maintainer-mode --disable-dependency-tracking

## --------- ##
## Platform. ##
## --------- ##

hostname = server
uname -m = x86_64
uname -r = 4.18.0-2-amd64
uname -s = Linux
uname -v = #1 SMP Debian 4.18.10-2 (2018-11-02)

/usr/bin/uname -p = unknown
/bin/uname -X     = unknown

/bin/arch              = unknown
/usr/bin/arch -k       = unknown
/usr/convex/getsysinfo = unknown
/usr/bin/hostinfo      = unknown
/bin/machine           = unknown
/usr/bin/oslevel       = unknown
/bin/universe          = unknown

PATH: /usr/local/bin
PATH: /opt/intel/compilers_and_libraries/linux/pkg_bin/intel64
PATH: /usr/sbin
PATH: /usr/bin
PATH: /sbin
PATH: /bin
PATH: /usr/bin/X11


## ----------- ##
## Core tests. ##
## ----------- ##

configure:1953: loading site script /usr/share/config.site
| # BASH
| #: ${CONFIG_SITE:?CONFIG_SITE not set}
| 
| [[ :$LD_LIBRARY_PATH: != *":/opt/intel/tbb/lib/intel64/gcc4.7:"* ]] && LD_LIBRARY_PATH=/opt/intel/tbb/lib/intel64/gcc4.7:$LD_LIBRARY_PATH
| [[ :$LD_LIBRARY_PATH: != *":/opt/intel/compilers_and_libraries/linux/mpi/intel64/lib:"* ]] && LD_LIBRARY_PATH=/opt/intel/compilers_and_libraries/linux/mpi/intel64/lib:$LD_LIBRARY_PATH
| [[ :$LD_LIBRARY_PATH: != *":/opt/intel/compilers_and_libraries/linux/mpi/intel64/lib/release:"* ]] && LD_LIBRARY_PATH=/opt/intel/compilers_and_libraries/linux/mpi/intel64/lib/release:$LD_LIBRARY_PATH
| [[ :$LD_LIBRARY_PATH: != *":/opt/intel/compilers_and_libraries/linux/mpi/intel64/libfabric/lib:"* ]] && LD_LIBRARY_PATH=/opt/intel/compilers_and_libraries/linux/mpi/intel64/libfabric/lib:$LD_LIBRARY_PATH
| [[ :$LD_LIBRARY_PATH: != *":/opt/intel/lib/intel64:"* ]] && LD_LIBRARY_PATH=/opt/intel/lib/intel64:$LD_LIBRARY_PATH
| 
| FI_PROVIDER_PATH=/opt/intel/compilers_and_libraries/linux/mpi/intel64/libfabric/lib/prov
| 
| [[ :$CLASSPATH: != *":/opt/intel/compilers_and_libraries/linux/mpi/intel64/lib/mpi.jar:"* ]] && CLASSPATH=/opt/intel/compilers_and_libraries/linux/mpi/intel64/lib/mpi.jar:$CLASSPATH
| 
| [[ :$CPATH: != *":/opt/intel/tbb/include:"* ]] && CPATH=/opt/intel/tbb/include:$CPATH
| [[ :$CPATH: != *":/opt/intel/pstl/include:"* ]] && CPATH=/opt/intel/pstl/include:$CPATH
| 
| 
| NLSPATH=/opt/intel/lib/intel64/locale/en_US/%N
| 
| [[ :$LIBRARY_PATH: != *":/opt/intel/tbb/lib/intel64/gcc4.7:"* ]] && LIBRARY_PATH=/opt/intel/tbb/lib/intel64/gcc4.7:$LIBRARY_PATH
| [[ :$LIBRARY_PATH: != *":/opt/intel/compilers_and_libraries/linux/mpi/intel64/libfabric/lib:"* ]] && LIBRARY_PATH=/opt/intel/compilers_and_libraries/linux/mpi/intel64/libfabric/lib:$LIBRARY_PATH
| 
| PSTLROOT=/opt/intel/pstl
| [[ :$PATH: != *":/opt/intel/parallel_studio_xe_2019/bin:"* ]] && PATH=$PATH:/opt/intel/parallel_studio_xe_2019/bin
| [[ :$PATH: != *":/opt/intel/compilers_and_libraries/linux/mpi/intel64/bin:"* ]] && PATH=/opt/intel/compilers_and_libraries/linux/mpi/intel64/bin:$PATH
| [[ :$PATH: != *":/opt/intel/compilers_and_libraries/linux/mpi/intel64/libfabric/bin:"* ]] && PATH=/opt/intel/compilers_and_libraries/linux/mpi/intel64/libfabric/bin:$PATH
| [[ :$PATH: != *":/opt/intel/compilers_and_libraries/linux/pkg_bin/intel64:"* ]] && PATH=/opt/intel/compilers_and_libraries/linux/pkg_bin/intel64:$PATH
| 
| TBBROOT=/opt/intel/tbb
| I_MPI_ROOT=/opt/intel/compilers_and_libraries/linux/mpi
| INTEL_LICENSE_FILE=/opt/intel/licenses
| 
| CC=icc.pl
| CXX=icpc.pl
| LTCC=icc.pl
| LTCXX=icpc.pl
| LANGUAGE=C
| LC_ALL=C
| 
| CPP='icc.pl -E'
| CXXCPP='icpc.pl -E'
| 
| INSTALL=/usr/bin/install
| 
| MKDIR_P='/bin/mkdir -p'
| 
| AWK=/usr/bin/gawk
| 
| AS=/usr/bin/x86_64-linux-gnu-as
| AR=xiar.pl
| #RANLIB='xiar s'
| MAGIC_CMD=/usr/bin/file
| CONFIG_SHELL=/bin/bash
| ECHO='/usr/bin/printf %s\n'
| ECHO_T='	' # assuming shell is BASH! if zsh we define ECHO_C=\c
| EGREP='/bin/grep -E'
| FGREP='/bin/grep -F'
| GCC=yes
| GCC_CXX=yes
| GREP=/bin/grep
| #LD='xild -m elf_x86_64'
| LN_S='ln -s'
| NM='/usr/bin/x86_64-linux-gnu-nm -B'
| OBJDUMP=/usr/bin/x86_64-linux-gnu-objdump
| PERL=/usr/bin/perl
| PKG_CONFIG=/usr/bin/pkg-config
| SED=/bin/sed
| SHELL=/bin/bash
| STRIP=/usr/bin/x86_64-linux-gnu-strip
| Xsed='/bin/sed -e 1s/^X//'
| YACC='/usr/bin/bison -y'
| CC_FOR_BUILD=icc.pl
| CXX_FOR_BUILD=icpc.pl
| 
| CPP_FOR_BUILD='icc.pl -E'
| CXXCPP_FOR_BUILD='icpc.pl -E'
| 
| ax_cv_c_float_words_bigendian=no
| 
| 
| 
| # BASH=/bin/bash
| # CONFIG_STATUS=./config.status
| # DEFS=-DHAVE_CONFIG_H
| # DUALCASE=1
| ECHO_N=-n
| ECHO_T='	'
| EGREP='/bin/grep -E'
| EXEEXT=
| GCC=yes
| GREP=/bin/grep
| # HOSTNAME=server
| HOSTTYPE=x86_64
| 
| INSTALL='/usr/bin/install'
| INSTALL_DATA='${INSTALL} -m 644'
| INSTALL_PROGRAM='${INSTALL}'
| INSTALL_SCRIPT='${INSTALL}'
| # LIBOBJS=
| # LTLIBOBJS=
| MACHTYPE=x86_64-pc-linux-gnu
| MAKEFLAGS='-l 8'
| OBJEXT=o
| # OPTERR=1
| # OPTIND=1
| OSTYPE=linux-gnu
| # PACKAGE_BUGREPORT=
| # PACKAGE_NAME=
| # PACKAGE_STRING=
| # PACKAGE_TARNAME=
| # PACKAGE_URL=
| # PACKAGE_VERSION=
| PATH_SEPARATOR=:
| POSIXLY_CORRECT=y
| RANLIB=/usr/bin/x86_64-linux-gnu-ranlib
| 
| ac_build_alias=x86_64-pc-linux-gnu
| 
| ac_ct_AR=xiar.pl
| ac_ct_CC=icc.pl
| ac_ct_RANLIB=x86_64-linux-gnu-ranlib
| ac_cv_build=x86_64-pc-linux-gnu
| ac_cv_c_bigendian=no
| ac_cv_c_compiler_clang=no
| ac_cv_c_compiler_gnu=yes
| ac_cv_func_asprintf=yes
| ac_cv_func_gethostname=yes
| ac_cv_func_getopt_long=yes
| ac_cv_func_getpwuid=yes
| ac_cv_func_gettimeofday=yes
| ac_cv_func_mkstemp=yes
| ac_cv_func_realpath=yes
| ac_cv_func_setenv=yes
| ac_cv_func_snprintf=yes
| ac_cv_func_strndup=yes
| ac_cv_func_strtok_r=yes
| ac_cv_func_unsetenv=yes
| ac_cv_func_utimes=yes
| ac_cv_func_vasprintf=yes
| ac_cv_func_vsnprintf=yes
| ac_cv_header_ctype_h=yes
| ac_cv_header_dirent_dirent_h=yes
| ac_cv_header_inttypes_h=yes
| ac_cv_header_memory_h=yes
| ac_cv_header_pwd_h=yes
| ac_cv_header_stdarg_h=yes
| ac_cv_header_stdc=yes
| ac_cv_header_stdint_h=yes
| ac_cv_header_stdlib_h=yes
| ac_cv_header_string_h=yes
| ac_cv_header_strings_h=yes
| ac_cv_header_sys_mman_h=yes
| ac_cv_header_sys_stat_h=yes
| ac_cv_header_sys_time_h=yes
| ac_cv_header_sys_types_h=yes
| ac_cv_header_sys_wait_h=yes
| ac_cv_header_termios_h=yes
| ac_cv_header_time=yes
| ac_cv_header_unistd_h=yes
| ac_cv_header_varargs_h=no
| ac_cv_host=x86_64-pc-linux-gnu
| ac_cv_objext=o
| ac_cv_path_EGREP='/bin/grep -E'
| ac_cv_path_GREP=/bin/grep
| ac_cv_path_ac_pt_BASH=/bin/bash
| ac_cv_path_install=/usr/bin/install
| ac_cv_prog_CPP='icc.pl -E'
| ac_cv_prog_ac_ct_AR=xiar.pl
| ac_cv_prog_ac_ct_CC=icc.pl
| ac_cv_prog_ac_ct_RANLIB=ranlib
| ac_cv_prog_cc_c89='-std=gnu89' #ISO C90 plus GNU* extensions
| ac_cv_prog_cc_c99='-std=gnu99'
| # ac_cv_prog_cc_g=yes
| ac_cv_search_cos='none required'
| ac_cv_search_opendir='none required'
| ac_cv_type_long_long=yes
| ac_cv_type_unsigned_long_long_int=yes
| 
| ac_default_prefix=/usr
| 
| 
| build=x86_64-pc-linux-gnu
| build_cpu=x86_64
| build_os=linux-gnu
| build_vendor=pc
| cache_file=/dev/null
| cross_compiling=no
| 
| host=x86_64-pc-linux-gnu
| host_cpu=x86_64
| host_os=linux-gnu
| host_vendor=pc
| hw_cv_func_asprintf=yes
| hw_cv_func_snprintf=yes
| hw_cv_func_snprintf_c99=yes
| hw_cv_func_vasprintf=yes
| hw_cv_func_vsnprintf=yes
| hw_cv_func_vsnprintf_c99=yes
| 
| #program_prefix=NONE
| #program_suffix=NONE
| 
| # silent=
| # site=
| # srcdir=.
| # subdirs=
| # target=
| # test_suites='unittest/test_args.c thisismadeup/crap.c'
| 
| verbose=yes
| #version=unknown
| 
| test "$prefix" = NONE && prefix=/usr
| test "$exec_prefix" = NONE && exec_prefix='${prefix}'
| 
| test "$bindir" = NONE && bindir='${prefix}/bin'
| test "$sbindir" = NONE && sbindir='${prefix}/sbin'
| test "$includedir" = NONE && includedir='${prefix}/include'
| test "$libdir" = NONE && libdir='${prefix}/lib'
| test "$libexecdir" = NONE && libexecdir='${prefix}/lib/${PACKAGE}'
| 
| #oldincludedir for non-gcc headers
| 
| if test "$prefix" = /usr; then
| 	test "$sysconfdir" = '${prefix}/etc' && sysconfdir=/etc
| 	test "$sharedstatedir" = '${prefix}/com' && sharedstatedir=/var
| 	test "$localstatedir" = '${prefix}/var' && localstatedir=/var
| else
| 	test "$sysconfdir" = NONE && sysconfdir='${prefix}/etc'
| 	test "$sharedstatedir" = NONE && sharedstatedir='${prefix}/com'
| 	test "$localstatedir" = NONE && localstatedir='${prefix}/var'
| fi
| runstatedir='${localstatedir}/run'
| 
| datarootdir='${prefix}/share'
| infodir='${datarootdir}/info'
| #libexecdir='${exec_prefix}/libexec'
| localedir='${datarootdir}/locale'
| mandir='${datarootdir}/man'
| datadir='${datarootdir}'
| # define_xopen_source=yes
| docdir='${datarootdir}/doc/${PACKAGE}'
| pdfdir='${docdir}'
| psdir='${docdir}'
| dvidir='${docdir}'
| htmldir='${docdir}'
configure:2096: checking for a BSD-compatible install
configure:2164: result: /usr/bin/install
configure:2175: checking whether build environment is sane
configure:2230: result: yes
configure:2381: checking for a thread-safe mkdir -p
configure:2420: result: /bin/mkdir -p
configure:2427: checking for gawk
configure:2454: result: /usr/bin/gawk
configure:2465: checking whether make sets $(MAKE)
configure:2487: result: yes
configure:2516: checking whether make supports nested variables
configure:2533: result: yes
configure:2721: checking for gcc
configure:2748: result: icc.pl
configure:2977: checking for C compiler version
configure:2986: icc.pl --version >&5
icc (ICC) 19.0.1.144 20181018
Copyright (C) 1985-2018 Intel Corporation.  All rights reserved.

configure:2997: $? = 0
configure:2986: icc.pl -v >&5
__INTEL_PRE_CFLAGS options:  
-diag-enableall
-diag-disable=10013,10385,10237,10346
-diag-error-limit=1
-diag-onceall
-Wremarks
-w3
-Wbrief
-O3 -fabi-version=13 -falign-functions -falign-loops -fbuiltin -fdata-sections -ffunction-sections -ffat-lto-objects -fpermissive -fp-model:fast=2 -gcc-name=gcc-8 -gnu-prefix=x86_64-linux-gnu- -gxx-name=g++-8 -inline-level=2 -inline-min-caller-growth=0 -ipo -par-schedule-auto -parallel -qoverride-limits -qopt-matmul -qopt-mem-layout-trans -qopt-multi-version-aggressive -qopt-prefetch -static-intel -no-inline-max-per-routine -no-inline-max-per-compile -inline-max-size=4444 -inline-max-total-size=99999 -Wl,--as-needed
__INTEL_POST_CFLAGS options:  
... rest of stderr output deleted ...
configure:2997: $? = 1
configure:2986: icc.pl -V >&5
GNU ld (GNU Binutils for Debian) 2.31.1
Intel(R) C Intel(R) 64 Compiler for applications running on Intel(R) 64, Version 19.0.1.144 Build 20181018
Copyright (C) 1985-2018 Intel Corporation.  All rights reserved.

x86_64-linux-gnu-ld: /lib/x86_64-linux-gnu/libz.so.1: no version information available (required by /usr/lib/x86_64-linux-gnu/libbfd-2.31.1-system.so)
x86_64-linux-gnu-ld: /usr/lib/gcc/x86_64-linux-gnu/8/../../../x86_64-linux-gnu/Scrt1.o: in function `_start':
(.text+0x20): undefined reference to `main'
configure:2997: $? = 1
configure:2986: icc.pl -qversion >&5
x86_64-linux-gnu-ld: /lib/x86_64-linux-gnu/libz.so.1: no version information available (required by /usr/lib/x86_64-linux-gnu/libbfd-2.31.1-system.so)
x86_64-linux-gnu-ld: /usr/lib/gcc/x86_64-linux-gnu/8/../../../x86_64-linux-gnu/Scrt1.o: in function `_start':
(.text+0x20): undefined reference to `main'
configure:2997: $? = 1
configure:3017: checking whether the C compiler works
configure:3039: icc.pl -Wall -W -g -O2 -fdebug-prefix-map=/dev/shm/deborphan/deborphan=. -Wformat -march=native -pipe -Wformat-security -Wdate-time -D_FORTIFY_SOURCE=2 -Wl,-z,now conftest.c  >&5
ipo: remark #11001: performing single-file optimizations
ipo: remark #11006: generating object file /tmp/intel/ipo_iccdjChUF.o
x86_64-linux-gnu-ld: /lib/x86_64-linux-gnu/libz.so.1: no version information available (required by /usr/lib/x86_64-linux-gnu/libbfd-2.31.1-system.so)
configure:3043: $? = 0
configure:3091: result: yes
configure:3094: checking for C compiler default output file name
configure:3096: result: a.out
configure:3102: checking for suffix of executables
configure:3109: icc.pl -o conftest -Wall -W -g -O2 -fdebug-prefix-map=/dev/shm/deborphan/deborphan=. -Wformat -march=native -pipe -Wformat-security -Wdate-time -D_FORTIFY_SOURCE=2 -Wl,-z,now conftest.c  >&5
ipo: remark #11001: performing single-file optimizations
ipo: remark #11006: generating object file /tmp/intel/ipo_iccVqSJRd.o
x86_64-linux-gnu-ld: /lib/x86_64-linux-gnu/libz.so.1: no version information available (required by /usr/lib/x86_64-linux-gnu/libbfd-2.31.1-system.so)
configure:3113: $? = 0
configure:3135: result: 
configure:3157: checking whether we are cross compiling
configure:3165: icc.pl -o conftest -Wall -W -g -O2 -fdebug-prefix-map=/dev/shm/deborphan/deborphan=. -Wformat -march=native -pipe -Wformat-security -Wdate-time -D_FORTIFY_SOURCE=2 -Wl,-z,now conftest.c  >&5
ipo: remark #11001: performing single-file optimizations
ipo: remark #11006: generating object file /tmp/intel/ipo_icciAnBtS.o
x86_64-linux-gnu-ld: /lib/x86_64-linux-gnu/libz.so.1: no version information available (required by /usr/lib/x86_64-linux-gnu/libbfd-2.31.1-system.so)
configure:3169: $? = 0
configure:3176: ./conftest
configure:3180: $? = 0
configure:3195: result: no
configure:3200: checking for suffix of object files
configure:3247: result: o
configure:3251: checking whether we are using the GNU C compiler
configure:3279: result: yes
configure:3288: checking whether icc.pl accepts -g
configure:3308: icc.pl -c -g -Wdate-time -D_FORTIFY_SOURCE=2 conftest.c >&5
configure:3308: $? = 0
configure:3349: result: yes
configure:3366: checking for icc.pl option to accept ISO C89
configure:3449: result: -std=gnu89
configure:3467: checking whether icc.pl -std=gnu89 understands -c and -o together
configure:3489: icc.pl -std=gnu89 -c conftest.c -o conftest2.o
configure:3492: $? = 0
configure:3489: icc.pl -std=gnu89 -c conftest.c -o conftest2.o
configure:3492: $? = 0
configure:3504: result: yes
configure:3524: checking whether make supports the include directive
configure:3539: make -f confmf.GNU && cat confinc.out
make[1]: Entering directory '/dev/shm/deborphan/deborphan'
make[1]: Leaving directory '/dev/shm/deborphan/deborphan'
this is the am__doit target
configure:3542: $? = 0
configure:3561: result: yes (GNU style)
configure:3586: checking dependency style of icc.pl -std=gnu89
configure:3697: result: none
configure:3714: checking for a sed that does not truncate output
configure:3778: result: /bin/sed
configure:3784: checking whether NLS is requested
configure:3793: result: yes
configure:3833: checking for msgfmt
configure: trying /usr/bin/msgfmt...
/usr/bin/msgfmt: /lib/x86_64-linux-gnu/libz.so.1: no version information available (required by /usr/lib/x86_64-linux-gnu/libxml2.so.2)
/usr/bin/msgfmt: /lib/x86_64-linux-gnu/libz.so.1: no version information available (required by /usr/lib/x86_64-linux-gnu/libxml2.so.2)
0 translated messages.
configure:3865: result: /usr/bin/msgfmt
configure:3874: checking for gmsgfmt
configure:3905: result: /usr/bin/msgfmt
configure:3955: checking for xgettext
configure: trying /usr/bin/xgettext...
/usr/bin/xgettext: /lib/x86_64-linux-gnu/libz.so.1: no version information available (required by /usr/lib/x86_64-linux-gnu/libxml2.so.2)
/usr/bin/xgettext: /lib/x86_64-linux-gnu/libz.so.1: no version information available (required by /usr/lib/x86_64-linux-gnu/libxml2.so.2)
/usr/bin/xgettext: warning: file '/dev/null' extension '' is unknown; will try C
configure:3987: result: /usr/bin/xgettext
configure:4032: checking for msgmerge
configure: trying /usr/bin/msgmerge...
/usr/bin/msgmerge: /lib/x86_64-linux-gnu/libz.so.1: no version information available (required by /usr/lib/x86_64-linux-gnu/libxml2.so.2)
/usr/bin/msgmerge: /lib/x86_64-linux-gnu/libz.so.1: no version information available (required by /usr/lib/x86_64-linux-gnu/libxml2.so.2)
configure:4063: result: /usr/bin/msgmerge
configure:4100: checking build system type
configure:4114: result: x86_64-pc-linux-gnu
configure:4134: checking host system type
configure:4147: result: x86_64-pc-linux-gnu
configure:4192: checking for ld used by icc.pl -std=gnu89
configure:4259: result: /usr/bin/ld
configure:4266: checking if the linker (/usr/bin/ld) is GNU ld
configure:4281: result: yes
configure:4288: checking for shared library run path origin
configure:4301: result: done
configure:4326: checking how to run the C preprocessor
configure:4396: result: icc.pl -E
configure:4416: icc.pl -E -Wdate-time -D_FORTIFY_SOURCE=2 conftest.c
configure:4416: $? = 0
configure:4430: icc.pl -E -Wdate-time -D_FORTIFY_SOURCE=2 conftest.c
conftest.c(14) (col. 28): error #2379: cannot open source file "ac_nonexistent.h"
configure:4430: $? = 4
configure: failed program was:
| /* confdefs.h */
| #define PACKAGE_NAME "deborphan"
| #define PACKAGE_TARNAME "deborphan"
| #define PACKAGE_VERSION "1.7.30"
| #define PACKAGE_STRING "deborphan 1.7.30"
| #define PACKAGE_BUGREPORT ""
| #define PACKAGE_URL ""
| #define PACKAGE "deborphan"
| #define VERSION "1.7.30"
| #define STATUS_FILE LOCALSTATEDIR"/lib/dpkg/status"
| #define KEEPER_FILE LOCALSTATEDIR"/lib/deborphan/keep"
| #define REG_FLAGS REG_ICASE
| /* end confdefs.h.  */
| #include <ac_nonexistent.h>
configure:4459: checking for grep that handles long lines and -e
configure:4517: result: /bin/grep
configure:4522: checking for egrep
configure:4584: result: /bin/grep -E
configure:5142: checking for CFPreferencesCopyAppValue
configure:5160: icc.pl -std=gnu89 -o conftest -Wall -W -g -O2 -fdebug-prefix-map=/dev/shm/deborphan/deborphan=. -Wformat -march=native -pipe -Wformat-security -Wdate-time -D_FORTIFY_SOURCE=2 -Wl,-z,now conftest.c  -Wl,-framework -Wl,CoreFoundation >&5
conftest.c(14) (col. 42): catastrophic error: cannot open source file "CoreFoundation/CFPreferences.h"
configure:5160: $? = 4
configure: failed program was:
| /* confdefs.h */
| #define PACKAGE_NAME "deborphan"
| #define PACKAGE_TARNAME "deborphan"
| #define PACKAGE_VERSION "1.7.30"
| #define PACKAGE_STRING "deborphan 1.7.30"
| #define PACKAGE_BUGREPORT ""
| #define PACKAGE_URL ""
| #define PACKAGE "deborphan"
| #define VERSION "1.7.30"
| #define STATUS_FILE LOCALSTATEDIR"/lib/dpkg/status"
| #define KEEPER_FILE LOCALSTATEDIR"/lib/deborphan/keep"
| #define REG_FLAGS REG_ICASE
| /* end confdefs.h.  */
| #include <CoreFoundation/CFPreferences.h>
| int
| main ()
| {
| CFPreferencesCopyAppValue(NULL, NULL)
|   ;
|   return 0;
| }
configure:5169: result: no
configure:5176: checking for CFLocaleCopyCurrent
configure:5194: icc.pl -std=gnu89 -o conftest -Wall -W -g -O2 -fdebug-prefix-map=/dev/shm/deborphan/deborphan=. -Wformat -march=native -pipe -Wformat-security -Wdate-time -D_FORTIFY_SOURCE=2 -Wl,-z,now conftest.c  -Wl,-framework -Wl,CoreFoundation >&5
conftest.c(14) (col. 37): catastrophic error: cannot open source file "CoreFoundation/CFLocale.h"
configure:5194: $? = 4
configure: failed program was:
| /* confdefs.h */
| #define PACKAGE_NAME "deborphan"
| #define PACKAGE_TARNAME "deborphan"
| #define PACKAGE_VERSION "1.7.30"
| #define PACKAGE_STRING "deborphan 1.7.30"
| #define PACKAGE_BUGREPORT ""
| #define PACKAGE_URL ""
| #define PACKAGE "deborphan"
| #define VERSION "1.7.30"
| #define STATUS_FILE LOCALSTATEDIR"/lib/dpkg/status"
| #define KEEPER_FILE LOCALSTATEDIR"/lib/deborphan/keep"
| #define REG_FLAGS REG_ICASE
| /* end confdefs.h.  */
| #include <CoreFoundation/CFLocale.h>
| int
| main ()
| {
| CFLocaleCopyCurrent();
|   ;
|   return 0;
| }
configure:5203: result: no
configure:5252: checking for GNU gettext in libc
configure:5281: icc.pl -std=gnu89 -o conftest -Wall -W -g -O2 -fdebug-prefix-map=/dev/shm/deborphan/deborphan=. -Wformat -march=native -pipe -Wformat-security -Wdate-time -D_FORTIFY_SOURCE=2 -Wl,-z,now conftest.c  >&5
ipo: remark #11001: performing single-file optimizations
ipo: remark #11006: generating object file /tmp/intel/ipo_iccm7SHRa.o
x86_64-linux-gnu-ld: /lib/x86_64-linux-gnu/libz.so.1: no version information available (required by /usr/lib/x86_64-linux-gnu/libbfd-2.31.1-system.so)
configure:5281: $? = 0
configure:5290: result: yes
configure:6137: checking whether to use NLS
configure:6139: result: yes
configure:6142: checking where the gettext function comes from
configure:6153: result: libc
configure:6215: checking for getopt_long
configure:6215: result: yes
configure:6227: checking debfoster's keepers file
configure:6240: result: "not found."
configure:6245: checking whether to ignore debfoster
configure:6252: result: yes
configure:6266: checking whether to imply -s
configure:6281: result: yes
configure:6287: checking default priority
configure:6300: result: 2
configure:6306: checking ignore essential
configure:6321: result: no
configure:6467: checking that generated files are newer than configure
configure:6473: result: done
configure:6496: creating ./config.status

## ---------------------- ##
## Running config.status. ##
## ---------------------- ##

This file was extended by deborphan config.status 1.7.30, which was
generated by GNU Autoconf 2.69.  Invocation command line was

  CONFIG_FILES    = 
  CONFIG_HEADERS  = 
  CONFIG_LINKS    = 
  CONFIG_COMMANDS = 
  $ ./config.status 

on server

config.status:899: creating Makefile
config.status:899: creating src/Makefile
config.status:899: creating doc/Makefile
config.status:899: creating doc/po/Makefile
config.status:899: creating doc/fr/Makefile
config.status:899: creating doc/pl/Makefile
config.status:899: creating doc/es/Makefile
config.status:899: creating doc/de/Makefile
config.status:899: creating doc/pt/Makefile
config.status:899: creating doc/nl/Makefile
config.status:899: creating include/Makefile
config.status:899: creating po/Makefile.in
config.status:899: creating util/Makefile
config.status:899: creating include/config.h
config.status:1128: executing depfiles commands
config.status:1128: executing po-directories commands
configure:7943: WARNING: unrecognized options: --disable-maintainer-mode

## ---------------- ##
## Cache variables. ##
## ---------------- ##

ac_cv_build=x86_64-pc-linux-gnu
ac_cv_c_bigendian=no
ac_cv_c_compiler_clang=no
ac_cv_c_compiler_gnu=yes
ac_cv_env_CC_set=set
ac_cv_env_CC_value=icc.pl
ac_cv_env_CFLAGS_set=set
ac_cv_env_CFLAGS_value='-g -O2 -fdebug-prefix-map=/dev/shm/deborphan/deborphan=. -Wformat -march=native -pipe -Wformat-security'
ac_cv_env_CPPFLAGS_set=set
ac_cv_env_CPPFLAGS_value='-Wdate-time -D_FORTIFY_SOURCE=2'
ac_cv_env_CPP_set=set
ac_cv_env_CPP_value='icc.pl -E'
ac_cv_env_LDFLAGS_set=set
ac_cv_env_LDFLAGS_value=-Wl,-z,now
ac_cv_env_LIBS_set=
ac_cv_env_LIBS_value=
ac_cv_env_build_alias_set=set
ac_cv_env_build_alias_value=x86_64-linux-gnu
ac_cv_env_host_alias_set=
ac_cv_env_host_alias_value=
ac_cv_env_target_alias_set=
ac_cv_env_target_alias_value=
ac_cv_func_asprintf=yes
ac_cv_func_gethostname=yes
ac_cv_func_getopt_long=yes
ac_cv_func_getpwuid=yes
ac_cv_func_gettimeofday=yes
ac_cv_func_mkstemp=yes
ac_cv_func_realpath=yes
ac_cv_func_setenv=yes
ac_cv_func_snprintf=yes
ac_cv_func_strndup=yes
ac_cv_func_strtok_r=yes
ac_cv_func_unsetenv=yes
ac_cv_func_utimes=yes
ac_cv_func_vasprintf=yes
ac_cv_func_vsnprintf=yes
ac_cv_header_ctype_h=yes
ac_cv_header_dirent_dirent_h=yes
ac_cv_header_inttypes_h=yes
ac_cv_header_memory_h=yes
ac_cv_header_pwd_h=yes
ac_cv_header_stdarg_h=yes
ac_cv_header_stdc=yes
ac_cv_header_stdint_h=yes
ac_cv_header_stdlib_h=yes
ac_cv_header_string_h=yes
ac_cv_header_strings_h=yes
ac_cv_header_sys_mman_h=yes
ac_cv_header_sys_stat_h=yes
ac_cv_header_sys_time_h=yes
ac_cv_header_sys_types_h=yes
ac_cv_header_sys_wait_h=yes
ac_cv_header_termios_h=yes
ac_cv_header_time=yes
ac_cv_header_unistd_h=yes
ac_cv_header_varargs_h=no
ac_cv_host=x86_64-pc-linux-gnu
ac_cv_objext=o
ac_cv_path_EGREP='/bin/grep -E'
ac_cv_path_GMSGFMT=/usr/bin/msgfmt
ac_cv_path_GREP=/bin/grep
ac_cv_path_MSGFMT=/usr/bin/msgfmt
ac_cv_path_MSGMERGE=/usr/bin/msgmerge
ac_cv_path_SED=/bin/sed
ac_cv_path_XGETTEXT=/usr/bin/xgettext
ac_cv_path_ac_pt_BASH=/bin/bash
ac_cv_path_install=/usr/bin/install
ac_cv_prog_AWK=/usr/bin/gawk
ac_cv_prog_CPP='icc.pl -E'
ac_cv_prog_ac_ct_AR=xiar.pl
ac_cv_prog_ac_ct_CC=icc.pl
ac_cv_prog_ac_ct_RANLIB=ranlib
ac_cv_prog_cc_c89=-std=gnu89
ac_cv_prog_cc_c99=-std=gnu99
ac_cv_prog_cc_g=yes
ac_cv_prog_make_make_set=yes
ac_cv_search_cos='none required'
ac_cv_search_opendir='none required'
ac_cv_type_long_long=yes
ac_cv_type_unsigned_long_long_int=yes
acl_cv_hardcode_direct=no
acl_cv_hardcode_libdir_flag_spec='${wl}-rpath ${wl}$libdir'
acl_cv_hardcode_libdir_separator=
acl_cv_hardcode_minus_L=no
acl_cv_libext=a
acl_cv_libname_spec='lib$name'
acl_cv_library_names_spec='$libname$shrext'
acl_cv_path_LD=/usr/bin/ld
acl_cv_prog_gnu_ld=yes
acl_cv_rpath=done
acl_cv_shlibext=so
acl_cv_wl=-Wl,
am_cv_CC_dependencies_compiler_type=none
am_cv_make_support_nested_variables=yes
am_cv_prog_cc_c_o=yes
ax_cv_c_float_words_bigendian=no
gt_cv_func_CFLocaleCopyCurrent=no
gt_cv_func_CFPreferencesCopyAppValue=no
gt_cv_func_gnugettext1_libc=yes
hw_cv_func_asprintf=yes
hw_cv_func_snprintf=yes
hw_cv_func_snprintf_c99=yes
hw_cv_func_vasprintf=yes
hw_cv_func_vsnprintf=yes
hw_cv_func_vsnprintf_c99=yes

## ----------------- ##
## Output variables. ##
## ----------------- ##

ACLOCAL='${SHELL} /dev/shm/deborphan/deborphan/missing aclocal-1.16'
AMDEPBACKSLASH=''
AMDEP_FALSE=''
AMDEP_TRUE='#'
AMTAR='$${TAR-tar}'
AM_BACKSLASH='\'
AM_DEFAULT_V='$(AM_DEFAULT_VERBOSITY)'
AM_DEFAULT_VERBOSITY='1'
AM_V='$(V)'
AUTOCONF='${SHELL} /dev/shm/deborphan/deborphan/missing autoconf'
AUTOHEADER='${SHELL} /dev/shm/deborphan/deborphan/missing autoheader'
AUTOMAKE='${SHELL} /dev/shm/deborphan/deborphan/missing automake-1.16'
AWK='/usr/bin/gawk'
CC='icc.pl -std=gnu89'
CCDEPMODE='depmode=none'
CFLAGS='-Wall -W -g -O2 -fdebug-prefix-map=/dev/shm/deborphan/deborphan=. -Wformat -march=native -pipe -Wformat-security'
CPP='icc.pl -E'
CPPFLAGS='-Wdate-time -D_FORTIFY_SOURCE=2'
CYGPATH_W='echo'
DEFS='-DHAVE_CONFIG_H'
DEPDIR='.deps'
ECHO_C=''
ECHO_N='-n'
ECHO_T='	'
EGREP='/bin/grep -E'
EXEEXT=''
GETTEXT_MACRO_VERSION='0.19'
GMSGFMT='/usr/bin/msgfmt'
GMSGFMT_015='/usr/bin/msgfmt'
GREP='/bin/grep'
INSTALL_DATA='${INSTALL} -m 644'
INSTALL_PROGRAM='${INSTALL}'
INSTALL_SCRIPT='${INSTALL}'
INSTALL_STRIP_PROGRAM='$(install_sh) -c -s'
INTLLIBS=''
INTL_MACOSX_LIBS=''
LDFLAGS='-Wl,-z,now'
LIBICONV='-liconv'
LIBINTL=''
LIBOBJS=''
LIBS=''
LTLIBICONV='-liconv'
LTLIBINTL=''
LTLIBOBJS=''
MAKEINFO='${SHELL} /dev/shm/deborphan/deborphan/missing makeinfo'
MKDIR_P='/bin/mkdir -p'
MSGFMT='/usr/bin/msgfmt'
MSGFMT_015='/usr/bin/msgfmt'
MSGMERGE='/usr/bin/msgmerge'
OBJEXT='o'
PACKAGE='deborphan'
PACKAGE_BUGREPORT=''
PACKAGE_NAME='deborphan'
PACKAGE_STRING='deborphan 1.7.30'
PACKAGE_TARNAME='deborphan'
PACKAGE_URL=''
PACKAGE_VERSION='1.7.30'
PATH_SEPARATOR=':'
POSUB='po'
SED='/bin/sed'
SET_MAKE=''
SHELL='/bin/bash'
STRIP='/usr/bin/x86_64-linux-gnu-strip'
USE_NLS='yes'
VERSION='1.7.30'
XGETTEXT='/usr/bin/xgettext'
XGETTEXT_015='/usr/bin/xgettext'
XGETTEXT_EXTRA_OPTIONS=''
ac_ct_CC='icc.pl'
am__EXEEXT_FALSE=''
am__EXEEXT_TRUE='#'
am__fastdepCC_FALSE=''
am__fastdepCC_TRUE='#'
am__include='include'
am__isrc=''
am__leading_dot='.'
am__nodep=''
am__quote=''
am__tar='$${TAR-tar} chof - "$$tardir"'
am__untar='$${TAR-tar} xf -'
bindir='${exec_prefix}/bin'
build='x86_64-pc-linux-gnu'
build_alias='x86_64-linux-gnu'
build_cpu='x86_64'
build_os='linux-gnu'
build_vendor='pc'
datadir='${datarootdir}'
datarootdir='${prefix}/share'
docdir='${datarootdir}/doc/${PACKAGE}'
dvidir='${docdir}'
exec_prefix='${prefix}'
host='x86_64-pc-linux-gnu'
host_alias=''
host_cpu='x86_64'
host_os='linux-gnu'
host_vendor='pc'
htmldir='${docdir}'
includedir='${prefix}/include'
infodir='${datarootdir}/info'
install_sh='${SHELL} /dev/shm/deborphan/deborphan/install-sh'
libdir='${prefix}/lib/x86_64-linux-gnu'
libexecdir='${prefix}/lib/x86_64-linux-gnu'
localedir='${datarootdir}/locale'
localstatedir='/var'
mandir='${datarootdir}/man'
mkdir_p='$(MKDIR_P)'
oldincludedir='/usr/include'
pdfdir='${docdir}'
prefix='/usr'
program_transform_name='s,x,x,'
psdir='${docdir}'
runstatedir='${localstatedir}/run'
sbindir='${exec_prefix}/sbin'
sharedstatedir='/var'
sysconfdir='/etc'
target_alias=''

## ----------- ##
## confdefs.h. ##
## ----------- ##

/* confdefs.h */
#define PACKAGE_NAME "deborphan"
#define PACKAGE_TARNAME "deborphan"
#define PACKAGE_VERSION "1.7.30"
#define PACKAGE_STRING "deborphan 1.7.30"
#define PACKAGE_BUGREPORT ""
#define PACKAGE_URL ""
#define PACKAGE "deborphan"
#define VERSION "1.7.30"
#define STATUS_FILE LOCALSTATEDIR"/lib/dpkg/status"
#define KEEPER_FILE LOCALSTATEDIR"/lib/deborphan/keep"
#define REG_FLAGS REG_ICASE
#define ENABLE_NLS 1
#define HAVE_GETTEXT 1
#define HAVE_DCGETTEXT 1
#define HAVE_GETOPT_LONG 1
#define DEFAULT_PRIORITY 2
#define ALL_PACKAGES_IMPLY_SECTION 1
#define IGNORE_DEBFOSTER 1

configure: exit 0
